<?xml version="1.0" encoding="UTF-8"?>
<!-- Generated by org.testng.reporters.JUnitReportReporter -->
<testsuite hostname="Lenovo" failures="0" tests="5" name="Runner.Sceanrio_Outline_Runner" time="0.368" errors="0" timestamp="2024-11-09T18:31:39 IST" skipped="0">
  <testcase classname="Runner.Sceanrio_Outline_Runner" name="runScenario" time="0.054"/>
  <testcase classname="Runner.Sceanrio_Outline_Runner" name="runScenario" time="0.043"/>
  <testcase classname="Runner.Sceanrio_Outline_Runner" name="runScenario" time="0.063"/>
  <testcase classname="Runner.Sceanrio_Outline_Runner" name="runScenario" time="0.045"/>
  <testcase classname="Runner.Sceanrio_Outline_Runner" name="runScenario" time="0.163"/>
</testsuite> <!-- Runner.Sceanrio_Outline_Runner -->
